{"D:\\jili-ui\\packages\\components\\backToTop\\index.ts": {"path":"D:\\jili-ui\\packages\\components\\backToTop\\index.ts","all":false,"statementMap":{"0":{"start":{"line":1,"column":0},"end":{"line":1,"column":45}},"1":{"start":{"line":2,"column":0},"end":{"line":2,"column":46}},"2":{"start":{"line":3,"column":0},"end":{"line":3,"column":0}},"3":{"start":{"line":4,"column":0},"end":{"line":4,"column":50}},"4":{"start":{"line":5,"column":0},"end":{"line":5,"column":25}},"5":{"start":{"line":6,"column":0},"end":{"line":6,"column":58}}},"s":{"0":1,"1":1,"2":1,"3":1,"4":1,"5":1},"branchMap":{},"b":{},"fnMap":{"0":{"name":"get","decl":{"start":{"line":4,"column":49},"end":{"line":4,"column":50}},"loc":{"start":{"line":4,"column":49},"end":{"line":4,"column":50}},"line":4}},"f":{"0":0}}
,"D:\\jili-ui\\packages\\components\\backToTop\\src\\JBackToTop.vue": {"path":"D:\\jili-ui\\packages\\components\\backToTop\\src\\JBackToTop.vue","all":false,"statementMap":{"0":{"start":{"line":1,"column":0},"end":{"line":1,"column":24}},"1":{"start":{"line":2,"column":0},"end":{"line":2,"column":26}},"2":{"start":{"line":3,"column":0},"end":{"line":3,"column":14}},"3":{"start":{"line":4,"column":0},"end":{"line":4,"column":7}},"4":{"start":{"line":5,"column":0},"end":{"line":5,"column":9}},"5":{"start":{"line":6,"column":0},"end":{"line":6,"column":2}},"6":{"start":{"line":7,"column":0},"end":{"line":7,"column":0}},"7":{"start":{"line":8,"column":0},"end":{"line":8,"column":9}},"8":{"start":{"line":9,"column":0},"end":{"line":9,"column":10}},"9":{"start":{"line":10,"column":0},"end":{"line":10,"column":51}},"10":{"start":{"line":11,"column":0},"end":{"line":11,"column":6}},"11":{"start":{"line":12,"column":0},"end":{"line":12,"column":17}},"12":{"start":{"line":13,"column":0},"end":{"line":13,"column":65}},"13":{"start":{"line":14,"column":0},"end":{"line":14,"column":31}},"14":{"start":{"line":15,"column":0},"end":{"line":15,"column":5}},"15":{"start":{"line":16,"column":0},"end":{"line":16,"column":12}},"16":{"start":{"line":17,"column":0},"end":{"line":17,"column":45}},"17":{"start":{"line":18,"column":0},"end":{"line":18,"column":13}},"18":{"start":{"line":19,"column":0},"end":{"line":19,"column":15}},"19":{"start":{"line":20,"column":0},"end":{"line":20,"column":13}},"20":{"start":{"line":21,"column":0},"end":{"line":21,"column":8}},"21":{"start":{"line":22,"column":0},"end":{"line":22,"column":8}},"22":{"start":{"line":23,"column":0},"end":{"line":23,"column":11}},"23":{"start":{"line":24,"column":0},"end":{"line":24,"column":22}},"24":{"start":{"line":25,"column":0},"end":{"line":25,"column":59}},"25":{"start":{"line":26,"column":0},"end":{"line":26,"column":8}},"26":{"start":{"line":27,"column":0},"end":{"line":27,"column":28}},"27":{"start":{"line":28,"column":0},"end":{"line":28,"column":3}},"28":{"start":{"line":29,"column":0},"end":{"line":29,"column":1}},"29":{"start":{"line":30,"column":0},"end":{"line":30,"column":8}}},"s":{"0":1,"1":1,"2":1,"3":1,"4":1,"5":1,"6":1,"7":1,"8":1,"9":1,"10":1,"11":1,"12":1,"13":1,"14":1,"15":1,"16":1,"17":1,"18":1,"19":1,"20":1,"21":1,"22":1,"23":1,"24":1,"25":1,"26":1,"27":1,"28":1,"29":1},"branchMap":{"0":{"type":"branch","line":16,"loc":{"start":{"line":16,"column":6},"end":{"line":17,"column":14}},"locations":[{"start":{"line":16,"column":6},"end":{"line":17,"column":14}}]}},"b":{"0":[4]},"fnMap":{},"f":{}}
,"D:\\jili-ui\\packages\\components\\buttons\\src\\JButtonBase.vue": {"path":"D:\\jili-ui\\packages\\components\\buttons\\src\\JButtonBase.vue","all":false,"statementMap":{"0":{"start":{"line":1,"column":0},"end":{"line":1,"column":24}},"1":{"start":{"line":2,"column":0},"end":{"line":2,"column":25}},"2":{"start":{"line":3,"column":0},"end":{"line":3,"column":19}},"3":{"start":{"line":4,"column":0},"end":{"line":4,"column":16}},"4":{"start":{"line":5,"column":0},"end":{"line":5,"column":17}},"5":{"start":{"line":6,"column":0},"end":{"line":6,"column":1}},"6":{"start":{"line":7,"column":0},"end":{"line":7,"column":9}},"7":{"start":{"line":8,"column":0},"end":{"line":8,"column":0}},"8":{"start":{"line":9,"column":0},"end":{"line":9,"column":10}},"9":{"start":{"line":10,"column":0},"end":{"line":10,"column":6}},"10":{"start":{"line":11,"column":0},"end":{"line":11,"column":41}},"11":{"start":{"line":12,"column":0},"end":{"line":12,"column":15}},"12":{"start":{"line":13,"column":0},"end":{"line":13,"column":3}},"13":{"start":{"line":14,"column":0},"end":{"line":14,"column":23}},"14":{"start":{"line":15,"column":0},"end":{"line":15,"column":8}},"15":{"start":{"line":16,"column":0},"end":{"line":16,"column":11}}},"s":{"0":1,"1":1,"2":1,"3":0,"4":0,"5":0,"6":1,"7":1,"8":1,"9":1,"10":1,"11":1,"12":1,"13":1,"14":1,"15":1},"branchMap":{},"b":{},"fnMap":{"0":{"name":"fn","decl":{"start":{"line":4,"column":0},"end":{"line":6,"column":1}},"loc":{"start":{"line":4,"column":0},"end":{"line":6,"column":1}},"line":4}},"f":{"0":0}}
,"D:\\jili-ui\\packages\\utils\\dom.ts": {"path":"D:\\jili-ui\\packages\\utils\\dom.ts","all":false,"statementMap":{"0":{"start":{"line":1,"column":0},"end":{"line":1,"column":82}},"1":{"start":{"line":2,"column":0},"end":{"line":2,"column":29}},"2":{"start":{"line":3,"column":0},"end":{"line":3,"column":38}},"3":{"start":{"line":4,"column":0},"end":{"line":4,"column":24}},"4":{"start":{"line":5,"column":0},"end":{"line":5,"column":4}},"5":{"start":{"line":6,"column":0},"end":{"line":6,"column":1}},"6":{"start":{"line":7,"column":0},"end":{"line":7,"column":8}},"7":{"start":{"line":8,"column":0},"end":{"line":8,"column":14}},"8":{"start":{"line":9,"column":0},"end":{"line":9,"column":1}}},"s":{"0":1,"1":5,"2":13,"3":8,"4":5,"5":5,"6":1,"7":1,"8":1},"branchMap":{"0":{"type":"branch","line":1,"loc":{"start":{"line":1,"column":81},"end":{"line":6,"column":1}},"locations":[{"start":{"line":1,"column":81},"end":{"line":6,"column":1}}]},"1":{"type":"branch","line":1,"loc":{"start":{"line":1,"column":81},"end":{"line":6,"column":1}},"locations":[{"start":{"line":1,"column":81},"end":{"line":6,"column":1}}]},"2":{"type":"branch","line":1,"loc":{"start":{"line":1,"column":81},"end":{"line":6,"column":1}},"locations":[{"start":{"line":1,"column":81},"end":{"line":6,"column":1}}]},"3":{"type":"branch","line":2,"loc":{"start":{"line":2,"column":18},"end":{"line":5,"column":3}},"locations":[{"start":{"line":2,"column":18},"end":{"line":5,"column":3}}]},"4":{"type":"branch","line":3,"loc":{"start":{"line":3,"column":19},"end":{"line":3,"column":38}},"locations":[{"start":{"line":3,"column":19},"end":{"line":3,"column":38}}]},"5":{"type":"branch","line":3,"loc":{"start":{"line":3,"column":32},"end":{"line":4,"column":24}},"locations":[{"start":{"line":3,"column":32},"end":{"line":4,"column":24}}]},"6":{"type":"branch","line":8,"loc":{"start":{"line":8,"column":2},"end":{"line":8,"column":14}},"locations":[{"start":{"line":8,"column":2},"end":{"line":8,"column":14}}]}},"b":{"0":[2],"1":[2],"2":[5],"3":[13],"4":[5],"5":[8],"6":[2]},"fnMap":{"0":{"name":"toggleActive","decl":{"start":{"line":1,"column":81},"end":{"line":6,"column":1}},"loc":{"start":{"line":1,"column":81},"end":{"line":6,"column":1}},"line":1},"1":{"name":"get","decl":{"start":{"line":8,"column":2},"end":{"line":8,"column":14}},"loc":{"start":{"line":8,"column":2},"end":{"line":8,"column":14}},"line":8}},"f":{"0":2,"1":2}}
,"D:\\jili-ui\\packages\\utils\\install.ts": {"path":"D:\\jili-ui\\packages\\utils\\install.ts","all":false,"statementMap":{"0":{"start":{"line":1,"column":0},"end":{"line":1,"column":20}},"1":{"start":{"line":2,"column":0},"end":{"line":2,"column":100}},"2":{"start":{"line":3,"column":0},"end":{"line":3,"column":35}},"3":{"start":{"line":4,"column":0},"end":{"line":4,"column":0}},"4":{"start":{"line":5,"column":0},"end":{"line":5,"column":140}},"5":{"start":{"line":6,"column":0},"end":{"line":6,"column":67}},"6":{"start":{"line":7,"column":0},"end":{"line":7,"column":44}},"7":{"start":{"line":8,"column":0},"end":{"line":8,"column":3}},"8":{"start":{"line":9,"column":0},"end":{"line":9,"column":34}},"9":{"start":{"line":10,"column":0},"end":{"line":10,"column":1}}},"s":{"0":1,"1":1,"2":1,"3":1,"4":1,"5":1,"6":0,"7":0,"8":1,"9":1},"branchMap":{"0":{"type":"branch","line":5,"loc":{"start":{"line":5,"column":27},"end":{"line":10,"column":1}},"locations":[{"start":{"line":5,"column":27},"end":{"line":10,"column":1}}]},"1":{"type":"branch","line":10,"loc":{"start":{"line":10,"column":0},"end":{"line":10,"column":1}},"locations":[{"start":{"line":10,"column":0},"end":{"line":10,"column":1}}]}},"b":{"0":[1],"1":[1]},"fnMap":{"0":{"name":"withInstall","decl":{"start":{"line":5,"column":27},"end":{"line":10,"column":1}},"loc":{"start":{"line":5,"column":27},"end":{"line":10,"column":1}},"line":5},"1":{"name":"comp.install","decl":{"start":{"line":6,"column":40},"end":{"line":8,"column":3}},"loc":{"start":{"line":6,"column":40},"end":{"line":8,"column":3}},"line":6},"2":{"name":"get","decl":{"start":{"line":10,"column":0},"end":{"line":10,"column":1}},"loc":{"start":{"line":10,"column":0},"end":{"line":10,"column":1}},"line":10}},"f":{"0":1,"1":0,"2":1}}
,"D:\\jili-ui\\packages\\utils\\math.ts": {"path":"D:\\jili-ui\\packages\\utils\\math.ts","all":false,"statementMap":{"0":{"start":{"line":1,"column":0},"end":{"line":1,"column":59}},"1":{"start":{"line":2,"column":0},"end":{"line":2,"column":34}},"2":{"start":{"line":3,"column":0},"end":{"line":3,"column":15}},"3":{"start":{"line":4,"column":0},"end":{"line":4,"column":1}},"4":{"start":{"line":5,"column":0},"end":{"line":5,"column":57}},"5":{"start":{"line":6,"column":0},"end":{"line":6,"column":30}},"6":{"start":{"line":7,"column":0},"end":{"line":7,"column":15}},"7":{"start":{"line":8,"column":0},"end":{"line":8,"column":1}},"8":{"start":{"line":9,"column":0},"end":{"line":9,"column":119}},"9":{"start":{"line":10,"column":0},"end":{"line":10,"column":0}},"10":{"start":{"line":11,"column":0},"end":{"line":11,"column":54}},"11":{"start":{"line":12,"column":0},"end":{"line":12,"column":36}},"12":{"start":{"line":13,"column":0},"end":{"line":13,"column":16}},"13":{"start":{"line":14,"column":0},"end":{"line":14,"column":52}},"14":{"start":{"line":15,"column":0},"end":{"line":15,"column":14}},"15":{"start":{"line":16,"column":0},"end":{"line":16,"column":3}},"16":{"start":{"line":17,"column":0},"end":{"line":17,"column":1}},"17":{"start":{"line":18,"column":0},"end":{"line":18,"column":8}},"18":{"start":{"line":19,"column":0},"end":{"line":19,"column":15}},"19":{"start":{"line":20,"column":0},"end":{"line":20,"column":13}},"20":{"start":{"line":21,"column":0},"end":{"line":21,"column":13}},"21":{"start":{"line":22,"column":0},"end":{"line":22,"column":9}},"22":{"start":{"line":23,"column":0},"end":{"line":23,"column":1}}},"s":{"0":1,"1":5,"2":4,"3":4,"4":1,"5":9,"6":6,"7":6,"8":1,"9":1,"10":1,"11":7,"12":7,"13":12,"14":12,"15":12,"16":7,"17":1,"18":1,"19":1,"20":1,"21":1,"22":1},"branchMap":{"0":{"type":"branch","line":1,"loc":{"start":{"line":1,"column":58},"end":{"line":4,"column":1}},"locations":[{"start":{"line":1,"column":58},"end":{"line":4,"column":1}}]},"1":{"type":"branch","line":1,"loc":{"start":{"line":1,"column":58},"end":{"line":4,"column":1}},"locations":[{"start":{"line":1,"column":58},"end":{"line":4,"column":1}}]},"2":{"type":"branch","line":2,"loc":{"start":{"line":2,"column":22},"end":{"line":2,"column":34}},"locations":[{"start":{"line":2,"column":22},"end":{"line":2,"column":34}}]},"3":{"type":"branch","line":2,"loc":{"start":{"line":2,"column":29},"end":{"line":4,"column":1}},"locations":[{"start":{"line":2,"column":29},"end":{"line":4,"column":1}}]},"4":{"type":"branch","line":5,"loc":{"start":{"line":5,"column":19},"end":{"line":8,"column":1}},"locations":[{"start":{"line":5,"column":19},"end":{"line":8,"column":1}}]},"5":{"type":"branch","line":5,"loc":{"start":{"line":5,"column":36},"end":{"line":8,"column":1}},"locations":[{"start":{"line":5,"column":36},"end":{"line":8,"column":1}}]},"6":{"type":"branch","line":6,"loc":{"start":{"line":6,"column":20},"end":{"line":6,"column":30}},"locations":[{"start":{"line":6,"column":20},"end":{"line":6,"column":30}}]},"7":{"type":"branch","line":6,"loc":{"start":{"line":6,"column":27},"end":{"line":8,"column":1}},"locations":[{"start":{"line":6,"column":27},"end":{"line":8,"column":1}}]},"8":{"type":"branch","line":9,"loc":{"start":{"line":9,"column":21},"end":{"line":9,"column":119}},"locations":[{"start":{"line":9,"column":21},"end":{"line":9,"column":119}}]},"9":{"type":"branch","line":9,"loc":{"start":{"line":9,"column":40},"end":{"line":9,"column":119}},"locations":[{"start":{"line":9,"column":40},"end":{"line":9,"column":119}}]},"10":{"type":"branch","line":9,"loc":{"start":{"line":9,"column":57},"end":{"line":9,"column":119}},"locations":[{"start":{"line":9,"column":57},"end":{"line":9,"column":119}}]},"11":{"type":"branch","line":11,"loc":{"start":{"line":11,"column":16},"end":{"line":17,"column":1}},"locations":[{"start":{"line":11,"column":16},"end":{"line":17,"column":1}}]},"12":{"type":"branch","line":13,"loc":{"start":{"line":13,"column":9},"end":{"line":16,"column":3}},"locations":[{"start":{"line":13,"column":9},"end":{"line":16,"column":3}}]},"13":{"type":"branch","line":22,"loc":{"start":{"line":22,"column":2},"end":{"line":22,"column":9}},"locations":[{"start":{"line":22,"column":2},"end":{"line":22,"column":9}}]}},"b":{"0":[5],"1":[5],"2":[1],"3":[4],"4":[9],"5":[9],"6":[3],"7":[6],"8":[5],"9":[5],"10":[5],"11":[7],"12":[12],"13":[7]},"fnMap":{"0":{"name":"forceLarge","decl":{"start":{"line":1,"column":58},"end":{"line":4,"column":1}},"loc":{"start":{"line":1,"column":58},"end":{"line":4,"column":1}},"line":1},"1":{"name":"forceSmall","decl":{"start":{"line":5,"column":19},"end":{"line":8,"column":1}},"loc":{"start":{"line":5,"column":19},"end":{"line":8,"column":1}},"line":5},"2":{"name":"forceInRange","decl":{"start":{"line":9,"column":21},"end":{"line":9,"column":119}},"loc":{"start":{"line":9,"column":21},"end":{"line":9,"column":119}},"line":9},"3":{"name":"idSetup","decl":{"start":{"line":11,"column":16},"end":{"line":17,"column":1}},"loc":{"start":{"line":11,"column":16},"end":{"line":17,"column":1}},"line":11},"4":{"name":"get","decl":{"start":{"line":22,"column":2},"end":{"line":22,"column":9}},"loc":{"start":{"line":22,"column":2},"end":{"line":22,"column":9}},"line":22}},"f":{"0":5,"1":9,"2":5,"3":7,"4":7}}
}
